C:\Users\Tetsutaro Yamada\Desktop\メソッドログサンプル\BasicSpa\Scripts\app.about.js
C:\Users\Tetsutaro Yamada\Desktop\メソッドログサンプル\BasicSpa\Scripts\app.about.js.map
C:\Users\Tetsutaro Yamada\Desktop\メソッドログサンプル\BasicSpa\Scripts\app.product.js
C:\Users\Tetsutaro Yamada\Desktop\メソッドログサンプル\BasicSpa\Scripts\app.product.js.map
C:\Users\Tetsutaro Yamada\Desktop\メソッドログサンプル\BasicSpa\Scripts\app.products.js
C:\Users\Tetsutaro Yamada\Desktop\メソッドログサンプル\BasicSpa\Scripts\app.products.js.map
C:\Users\Tetsutaro Yamada\Desktop\メソッドログサンプル\BasicSpa\Scripts\app.newItem.js
C:\Users\Tetsutaro Yamada\Desktop\メソッドログサンプル\BasicSpa\Scripts\app.newItem.js.map
C:\Users\Tetsutaro Yamada\Desktop\メソッドログサンプル\BasicSpa\Scripts\app.about.js
C:\Users\Tetsutaro Yamada\Desktop\メソッドログサンプル\BasicSpa\Scripts\app.about.js.map
C:\Users\Tetsutaro Yamada\Desktop\メソッドログサンプル\BasicSpa\Scripts\app.product.js
C:\Users\Tetsutaro Yamada\Desktop\メソッドログサンプル\BasicSpa\Scripts\app.product.js.map
C:\Users\Tetsutaro Yamada\Desktop\メソッドログサンプル\BasicSpa\Scripts\app.products.js
C:\Users\Tetsutaro Yamada\Desktop\メソッドログサンプル\BasicSpa\Scripts\app.products.js.map
C:\Users\Tetsutaro Yamada\Desktop\メソッドログサンプル\BasicSpa\Scripts\app.newItem.js
C:\Users\Tetsutaro Yamada\Desktop\メソッドログサンプル\BasicSpa\Scripts\app.newItem.js.map
C:\Users\Tetsutaro Yamada\Desktop\メソッドログサンプル\BasicSpa\Scripts\app.about.js
C:\Users\Tetsutaro Yamada\Desktop\メソッドログサンプル\BasicSpa\Scripts\app.about.js.map
C:\Users\Tetsutaro Yamada\Desktop\メソッドログサンプル\BasicSpa\Scripts\app.product.js
C:\Users\Tetsutaro Yamada\Desktop\メソッドログサンプル\BasicSpa\Scripts\app.product.js.map
C:\Users\Tetsutaro Yamada\Desktop\メソッドログサンプル\BasicSpa\Scripts\app.products.js
C:\Users\Tetsutaro Yamada\Desktop\メソッドログサンプル\BasicSpa\Scripts\app.products.js.map
C:\Users\Tetsutaro Yamada\Desktop\メソッドログサンプル\BasicSpa\Scripts\app.newItem.js
C:\Users\Tetsutaro Yamada\Desktop\メソッドログサンプル\BasicSpa\Scripts\app.newItem.js.map
C:\Users\Tetsutaro Yamada\Desktop\メソッドログサンプル\BasicSpa\Scripts\app.about.js
C:\Users\Tetsutaro Yamada\Desktop\メソッドログサンプル\BasicSpa\Scripts\app.about.js.map
C:\Users\Tetsutaro Yamada\Desktop\メソッドログサンプル\BasicSpa\Scripts\app.product.js
C:\Users\Tetsutaro Yamada\Desktop\メソッドログサンプル\BasicSpa\Scripts\app.product.js.map
C:\Users\Tetsutaro Yamada\Desktop\メソッドログサンプル\BasicSpa\Scripts\app.products.js
C:\Users\Tetsutaro Yamada\Desktop\メソッドログサンプル\BasicSpa\Scripts\app.products.js.map
C:\Users\Tetsutaro Yamada\Desktop\メソッドログサンプル\BasicSpa\Scripts\app.newItem.js
C:\Users\Tetsutaro Yamada\Desktop\メソッドログサンプル\BasicSpa\Scripts\app.newItem.js.map
C:\Users\Tetsutaro Yamada\Desktop\メソッドログサンプル\BasicSpa\Scripts\app.about.js
C:\Users\Tetsutaro Yamada\Desktop\メソッドログサンプル\BasicSpa\Scripts\app.about.js.map
C:\Users\Tetsutaro Yamada\Desktop\メソッドログサンプル\BasicSpa\Scripts\app.product.js
C:\Users\Tetsutaro Yamada\Desktop\メソッドログサンプル\BasicSpa\Scripts\app.product.js.map
C:\Users\Tetsutaro Yamada\Desktop\メソッドログサンプル\BasicSpa\Scripts\app.products.js
C:\Users\Tetsutaro Yamada\Desktop\メソッドログサンプル\BasicSpa\Scripts\app.products.js.map
C:\Users\Tetsutaro Yamada\Desktop\メソッドログサンプル\BasicSpa\Scripts\app.newItem.js
C:\Users\Tetsutaro Yamada\Desktop\メソッドログサンプル\BasicSpa\Scripts\app.newItem.js.map
C:\Users\Tetsutaro Yamada\Desktop\メソッドログサンプル\BasicSpa\Scripts\app.about.js
C:\Users\Tetsutaro Yamada\Desktop\メソッドログサンプル\BasicSpa\Scripts\app.about.js.map
C:\Users\Tetsutaro Yamada\Desktop\メソッドログサンプル\BasicSpa\Scripts\app.product.js
C:\Users\Tetsutaro Yamada\Desktop\メソッドログサンプル\BasicSpa\Scripts\app.product.js.map
C:\Users\Tetsutaro Yamada\Desktop\メソッドログサンプル\BasicSpa\Scripts\app.products.js
C:\Users\Tetsutaro Yamada\Desktop\メソッドログサンプル\BasicSpa\Scripts\app.products.js.map
C:\Users\Tetsutaro Yamada\Desktop\メソッドログサンプル\BasicSpa\Scripts\app.newItem.js
C:\Users\Tetsutaro Yamada\Desktop\メソッドログサンプル\BasicSpa\Scripts\app.newItem.js.map
C:\Users\Tetsutaro Yamada\Desktop\メソッドログサンプル\BasicSpa\Scripts\app.about.js
C:\Users\Tetsutaro Yamada\Desktop\メソッドログサンプル\BasicSpa\Scripts\app.about.js.map
C:\Users\Tetsutaro Yamada\Desktop\メソッドログサンプル\BasicSpa\Scripts\app.product.js
C:\Users\Tetsutaro Yamada\Desktop\メソッドログサンプル\BasicSpa\Scripts\app.product.js.map
C:\Users\Tetsutaro Yamada\Desktop\メソッドログサンプル\BasicSpa\Scripts\app.products.js
C:\Users\Tetsutaro Yamada\Desktop\メソッドログサンプル\BasicSpa\Scripts\app.products.js.map
C:\Users\Tetsutaro Yamada\Desktop\メソッドログサンプル\BasicSpa\Scripts\app.newItem.js
C:\Users\Tetsutaro Yamada\Desktop\メソッドログサンプル\BasicSpa\Scripts\app.newItem.js.map
C:\Users\Tetsutaro Yamada\Source\Repos\CSharpFodyStudy\BasicSpa\Scripts\app.about.js
C:\Users\Tetsutaro Yamada\Source\Repos\CSharpFodyStudy\BasicSpa\Scripts\app.about.js.map
C:\Users\Tetsutaro Yamada\Source\Repos\CSharpFodyStudy\BasicSpa\Scripts\app.product.js
C:\Users\Tetsutaro Yamada\Source\Repos\CSharpFodyStudy\BasicSpa\Scripts\app.product.js.map
C:\Users\Tetsutaro Yamada\Source\Repos\CSharpFodyStudy\BasicSpa\Scripts\app.products.js
C:\Users\Tetsutaro Yamada\Source\Repos\CSharpFodyStudy\BasicSpa\Scripts\app.products.js.map
C:\Users\Tetsutaro Yamada\Source\Repos\CSharpFodyStudy\BasicSpa\Scripts\app.newItem.js
C:\Users\Tetsutaro Yamada\Source\Repos\CSharpFodyStudy\BasicSpa\Scripts\app.newItem.js.map
C:\Users\Tetsutaro Yamada\Source\Repos\CSharpFodyStudy\BasicSpa\Scripts\app.about.js
C:\Users\Tetsutaro Yamada\Source\Repos\CSharpFodyStudy\BasicSpa\Scripts\app.about.js.map
C:\Users\Tetsutaro Yamada\Source\Repos\CSharpFodyStudy\BasicSpa\Scripts\app.product.js
C:\Users\Tetsutaro Yamada\Source\Repos\CSharpFodyStudy\BasicSpa\Scripts\app.product.js.map
C:\Users\Tetsutaro Yamada\Source\Repos\CSharpFodyStudy\BasicSpa\Scripts\app.products.js
C:\Users\Tetsutaro Yamada\Source\Repos\CSharpFodyStudy\BasicSpa\Scripts\app.products.js.map
C:\Users\Tetsutaro Yamada\Source\Repos\CSharpFodyStudy\BasicSpa\Scripts\app.newItem.js
C:\Users\Tetsutaro Yamada\Source\Repos\CSharpFodyStudy\BasicSpa\Scripts\app.newItem.js.map
C:\Users\Tetsutaro Yamada\Source\repos\CSharpFodyStudy\BasicSpa\Scripts\app.about.js
C:\Users\Tetsutaro Yamada\Source\repos\CSharpFodyStudy\BasicSpa\Scripts\app.about.js.map
C:\Users\Tetsutaro Yamada\Source\repos\CSharpFodyStudy\BasicSpa\Scripts\app.product.js
C:\Users\Tetsutaro Yamada\Source\repos\CSharpFodyStudy\BasicSpa\Scripts\app.product.js.map
C:\Users\Tetsutaro Yamada\Source\repos\CSharpFodyStudy\BasicSpa\Scripts\app.products.js
C:\Users\Tetsutaro Yamada\Source\repos\CSharpFodyStudy\BasicSpa\Scripts\app.products.js.map
C:\Users\Tetsutaro Yamada\Source\repos\CSharpFodyStudy\BasicSpa\Scripts\app.newItem.js
C:\Users\Tetsutaro Yamada\Source\repos\CSharpFodyStudy\BasicSpa\Scripts\app.newItem.js.map
C:\Users\Tetsutaro Yamada\Source\Repos\CSharpFodyStudy\BasicSpa\Scripts\app.about.js
C:\Users\Tetsutaro Yamada\Source\Repos\CSharpFodyStudy\BasicSpa\Scripts\app.about.js.map
C:\Users\Tetsutaro Yamada\Source\Repos\CSharpFodyStudy\BasicSpa\Scripts\app.product.js
C:\Users\Tetsutaro Yamada\Source\Repos\CSharpFodyStudy\BasicSpa\Scripts\app.product.js.map
C:\Users\Tetsutaro Yamada\Source\Repos\CSharpFodyStudy\BasicSpa\Scripts\app.products.js
C:\Users\Tetsutaro Yamada\Source\Repos\CSharpFodyStudy\BasicSpa\Scripts\app.products.js.map
C:\Users\Tetsutaro Yamada\Source\Repos\CSharpFodyStudy\BasicSpa\Scripts\app.newItem.js
C:\Users\Tetsutaro Yamada\Source\Repos\CSharpFodyStudy\BasicSpa\Scripts\app.newItem.js.map
C:\Users\Tetsutaro Yamada\Source\Repos\CSharpFodyStudy\BasicSpa\Scripts\app.about.js
C:\Users\Tetsutaro Yamada\Source\Repos\CSharpFodyStudy\BasicSpa\Scripts\app.about.js.map
C:\Users\Tetsutaro Yamada\Source\Repos\CSharpFodyStudy\BasicSpa\Scripts\app.product.js
C:\Users\Tetsutaro Yamada\Source\Repos\CSharpFodyStudy\BasicSpa\Scripts\app.product.js.map
C:\Users\Tetsutaro Yamada\Source\Repos\CSharpFodyStudy\BasicSpa\Scripts\app.products.js
C:\Users\Tetsutaro Yamada\Source\Repos\CSharpFodyStudy\BasicSpa\Scripts\app.products.js.map
C:\Users\Tetsutaro Yamada\Source\Repos\CSharpFodyStudy\BasicSpa\Scripts\app.newItem.js
C:\Users\Tetsutaro Yamada\Source\Repos\CSharpFodyStudy\BasicSpa\Scripts\app.newItem.js.map
